# JRE version: OpenJDK Runtime Environment (11.0.10) (build 11.0.10+0-b96-7249189)
# Java VM: OpenJDK 64-Bit Server VM (11.0.10+0-b96-7249189, mixed mode, tiered, compressed oops, g1 gc, windows-amd64)
Heap:
 garbage-first heap   total 280576K, used 221904K [0x0000000080000000, 0x0000000100000000)
  region size 1024K, 20 young (20480K), 4 survivors (4096K)
 Metaspace       used 98157K, capacity 100927K, committed 101756K, reserved 1136640K
  class space    used 12727K, capacity 13772K, committed 14080K, reserved 1048576K
GC Heap History (20 events):
Event: 3335.150 GC heap before
{Heap before GC invocations=8 (full 0):
 garbage-first heap   total 262144K, used 115877K [0x0000000080000000, 0x0000000100000000)
  region size 1024K, 91 young (93184K), 18 survivors (18432K)
 Metaspace       used 58277K, capacity 59785K, committed 59940K, reserved 1101824K
  class space    used 7297K, capacity 7853K, committed 7936K, reserved 1048576K
}
Event: 3335.168 GC heap after
{Heap after GC invocations=9 (full 0):
 garbage-first heap   total 262144K, used 45803K [0x0000000080000000, 0x0000000100000000)
  region size 1024K, 4 young (4096K), 4 survivors (4096K)
 Metaspace       used 58277K, capacity 59785K, committed 59940K, reserved 1101824K
  class space    used 7297K, capacity 7853K, committed 7936K, reserved 1048576K
}
Event: 3336.390 GC heap before
{Heap before GC invocations=10 (full 0):
 garbage-first heap   total 262144K, used 198379K [0x0000000080000000, 0x0000000100000000)
  region size 1024K, 153 young (156672K), 4 survivors (4096K)
 Metaspace       used 72454K, capacity 74338K, committed 74620K, reserved 1114112K
  class space    used 9242K, capacity 9946K, committed 9984K, reserved 1048576K
}
Event: 3336.404 GC heap after
{Heap after GC invocations=11 (full 0):
 garbage-first heap   total 262144K, used 59060K [0x0000000080000000, 0x0000000100000000)
  region size 1024K, 17 young (17408K), 17 survivors (17408K)
 Metaspace       used 72454K, capacity 74338K, committed 74620K, reserved 1114112K
  class space    used 9242K, capacity 9946K, committed 9984K, reserved 1048576K
}
Event: 3337.529 GC heap before
{Heap before GC invocations=12 (full 0):
 garbage-first heap   total 262144K, used 197300K [0x0000000080000000, 0x0000000100000000)
  region size 1024K, 153 young (156672K), 17 survivors (17408K)
 Metaspace       used 81594K, capacity 83935K, committed 84092K, reserved 1122304K
  class space    used 10620K, capacity 11504K, committed 11520K, reserved 1048576K
}
Event: 3337.538 GC heap after
{Heap after GC invocations=13 (full 0):
 garbage-first heap   total 262144K, used 68621K [0x0000000080000000, 0x0000000100000000)
  region size 1024K, 10 young (10240K), 10 survivors (10240K)
 Metaspace       used 81594K, capacity 83935K, committed 84092K, reserved 1122304K
  class space    used 10620K, capacity 11504K, committed 11520K, reserved 1048576K
}
Event: 3338.327 GC heap before
{Heap before GC invocations=13 (full 0):
 garbage-first heap   total 262144K, used 202765K [0x0000000080000000, 0x0000000100000000)
  region size 1024K, 142 young (145408K), 10 survivors (10240K)
 Metaspace       used 82624K, capacity 85052K, committed 85244K, reserved 1122304K
  class space    used 10698K, capacity 11647K, committed 11648K, reserved 1048576K
}
Event: 3338.334 GC heap after
{Heap after GC invocations=14 (full 0):
 garbage-first heap   total 262144K, used 77024K [0x0000000080000000, 0x0000000100000000)
  region size 1024K, 18 young (18432K), 18 survivors (18432K)
 Metaspace       used 82624K, capacity 85052K, committed 85244K, reserved 1122304K
  class space    used 10698K, capacity 11647K, committed 11648K, reserved 1048576K
}
Event: 4972.881 GC heap before
{Heap before GC invocations=14 (full 0):
 garbage-first heap   total 262144K, used 205024K [0x0000000080000000, 0x0000000100000000)
  region size 1024K, 144 young (147456K), 18 survivors (18432K)
 Metaspace       used 84372K, capacity 87037K, committed 87292K, reserved 1124352K
  class space    used 10846K, capacity 11835K, committed 11904K, reserved 1048576K
}
Event: 4972.890 GC heap after
{Heap after GC invocations=15 (full 0):
 garbage-first heap   total 262144K, used 85328K [0x0000000080000000, 0x0000000100000000)
  region size 1024K, 18 young (18432K), 18 survivors (18432K)
 Metaspace       used 84372K, capacity 87037K, committed 87292K, reserved 1124352K
  class space    used 10846K, capacity 11835K, committed 11904K, reserved 1048576K
}
Event: 4973.850 GC heap before
{Heap before GC invocations=15 (full 0):
 garbage-first heap   total 262144K, used 213328K [0x0000000080000000, 0x0000000100000000)
  region size 1024K, 135 young (138240K), 18 survivors (18432K)
 Metaspace       used 92009K, capacity 94761K, committed 94844K, reserved 1132544K
  class space    used 11732K, capacity 12763K, committed 12800K, reserved 1048576K
}
Event: 4973.857 GC heap after
{Heap after GC invocations=16 (full 0):
 garbage-first heap   total 262144K, used 107476K [0x0000000080000000, 0x0000000100000000)
  region size 1024K, 14 young (14336K), 14 survivors (14336K)
 Metaspace       used 92009K, capacity 94761K, committed 94844K, reserved 1132544K
  class space    used 11732K, capacity 12763K, committed 12800K, reserved 1048576K
}
Event: 4974.203 GC heap before
{Heap before GC invocations=16 (full 0):
 garbage-first heap   total 262144K, used 228308K [0x0000000080000000, 0x0000000100000000)
  region size 1024K, 113 young (115712K), 14 survivors (14336K)
 Metaspace       used 96264K, capacity 99184K, committed 99324K, reserved 1134592K
  class space    used 12534K, capacity 13642K, committed 13696K, reserved 1048576K
}
Event: 4974.221 GC heap after
{Heap after GC invocations=17 (full 0):
 garbage-first heap   total 280576K, used 155510K [0x0000000080000000, 0x0000000100000000)
  region size 1024K, 15 young (15360K), 15 survivors (15360K)
 Metaspace       used 96264K, capacity 99184K, committed 99324K, reserved 1134592K
  class space    used 12534K, capacity 13642K, committed 13696K, reserved 1048576K
}
Event: 4974.313 GC heap before
{Heap before GC invocations=17 (full 0):
 garbage-first heap   total 280576K, used 216950K [0x0000000080000000, 0x0000000100000000)
  region size 1024K, 75 young (76800K), 15 survivors (15360K)
 Metaspace       used 96292K, capacity 99187K, committed 99324K, reserved 1134592K
  class space    used 12534K, capacity 13642K, committed 13696K, reserved 1048576K
}
Event: 4974.336 GC heap after
{Heap after GC invocations=18 (full 0):
 garbage-first heap   total 280576K, used 189157K [0x0000000080000000, 0x0000000100000000)
  region size 1024K, 10 young (10240K), 10 survivors (10240K)
 Metaspace       used 96292K, capacity 99187K, committed 99324K, reserved 1134592K
  class space    used 12534K, capacity 13642K, committed 13696K, reserved 1048576K
}
Event: 4974.514 GC heap before
{Heap before GC invocations=19 (full 0):
 garbage-first heap   total 280576K, used 221925K [0x0000000080000000, 0x0000000100000000)
  region size 1024K, 42 young (43008K), 10 survivors (10240K)
 Metaspace       used 97419K, capacity 100040K, committed 101116K, reserved 1136640K
  class space    used 12608K, capacity 13585K, committed 13952K, reserved 1048576K
}
Event: 4974.524 GC heap after
{Heap after GC invocations=20 (full 0):
 garbage-first heap   total 280576K, used 202212K [0x0000000080000000, 0x0000000100000000)
  region size 1024K, 6 young (6144K), 6 survivors (6144K)
 Metaspace       used 97419K, capacity 100040K, committed 101116K, reserved 1136640K
  class space    used 12608K, capacity 13585K, committed 13952K, reserved 1048576K
}
Event: 4974.676 GC heap before
{Heap before GC invocations=20 (full 0):
 garbage-first heap   total 280576K, used 226788K [0x0000000080000000, 0x0000000100000000)
  region size 1024K, 31 young (31744K), 6 survivors (6144K)
 Metaspace       used 97889K, capacity 100606K, committed 101372K, reserved 1136640K
  class space    used 12691K, capacity 13710K, committed 13952K, reserved 1048576K
}
Event: 4974.684 GC heap after
{Heap after GC invocations=21 (full 0):
 garbage-first heap   total 280576K, used 206544K [0x0000000080000000, 0x0000000100000000)
  region size 1024K, 4 young (4096K), 4 survivors (4096K)
 Metaspace       used 97889K, capacity 100606K, committed 101372K, reserved 1136640K
  class space    used 12691K, capacity 13710K, committed 13952K, reserved 1048576K
}

